{"./scripts/example.js":{"path":"./scripts/example.js","s":{"1":1,"2":1},"b":{},"f":{},"fnMap":{},"statementMap":{"1":{"start":{"line":1,"column":0},"end":{"line":1,"column":13}},"2":{"start":{"line":3,"column":0},"end":{"line":3,"column":44}}},"branchMap":{},"l":{"1":1,"3":1}},"./scripts/exampleCtrl.js":{"path":"./scripts/exampleCtrl.js","s":{"1":1,"2":1,"3":5,"4":5,"5":5,"6":5,"7":5,"8":0,"9":0},"b":{},"f":{"1":5,"2":0},"fnMap":{"1":{"name":"(anonymous_1)","line":3,"loc":{"start":{"line":3,"column":34},"end":{"line":3,"column":51}}},"2":{"name":"(anonymous_2)","line":11,"loc":{"start":{"line":11,"column":24},"end":{"line":11,"column":35}}}},"statementMap":{"1":{"start":{"line":1,"column":0},"end":{"line":1,"column":13}},"2":{"start":{"line":3,"column":0},"end":{"line":14,"column":3}},"3":{"start":{"line":4,"column":4},"end":{"line":4,"column":36}},"4":{"start":{"line":5,"column":4},"end":{"line":5,"column":36}},"5":{"start":{"line":6,"column":4},"end":{"line":6,"column":36}},"6":{"start":{"line":7,"column":4},"end":{"line":7,"column":36}},"7":{"start":{"line":9,"column":4},"end":{"line":9,"column":20}},"8":{"start":{"line":11,"column":4},"end":{"line":14,"column":0}},"9":{"start":{"line":12,"column":8},"end":{"line":12,"column":40}}},"branchMap":{},"l":{"1":1,"3":1,"4":5,"5":5,"6":5,"7":5,"9":5,"11":0,"12":0}}}